10:02:18.935 [main] INFO  c.l.s.SpringBootLearningApplication - Starting SpringBootLearningApplication on fyz-rescuer with PID 16168 (E:\Github\SpringCloudLearning\target\classes started by fanyuzhuo in E:\Github\SpringCloudLearning)
10:02:18.937 [main] INFO  c.l.s.SpringBootLearningApplication - No active profile set, falling back to default profiles: default
10:02:19.432 [main] INFO  o.s.d.r.c.RepositoryConfigurationDelegate - Multiple Spring Data modules found, entering strict repository configuration mode!
10:02:19.434 [main] INFO  o.s.d.r.c.RepositoryConfigurationDelegate - Bootstrapping Spring Data repositories in DEFAULT mode.
10:02:19.453 [main] INFO  o.s.d.r.c.RepositoryConfigurationDelegate - Finished Spring Data repository scanning in 7ms. Found 0 repository interfaces.
10:02:19.642 [main] INFO  o.s.c.s.PostProcessorRegistrationDelegate$BeanPostProcessorChecker - Bean 'org.springframework.amqp.rabbit.annotation.RabbitBootstrapConfiguration' of type [org.springframework.amqp.rabbit.annotation.RabbitBootstrapConfiguration$$EnhancerBySpringCGLIB$$fa364876] is not eligible for getting processed by all BeanPostProcessors (for example: not eligible for auto-proxying)
10:02:19.676 [main] INFO  o.s.c.s.PostProcessorRegistrationDelegate$BeanPostProcessorChecker - Bean 'org.springframework.transaction.annotation.ProxyTransactionManagementConfiguration' of type [org.springframework.transaction.annotation.ProxyTransactionManagementConfiguration$$EnhancerBySpringCGLIB$$33ca8a48] is not eligible for getting processed by all BeanPostProcessors (for example: not eligible for auto-proxying)
10:02:19.908 [main] INFO  o.s.b.w.embedded.tomcat.TomcatWebServer - Tomcat initialized with port(s): 8088 (http)
10:02:19.923 [main] INFO  o.apache.coyote.http11.Http11NioProtocol - Initializing ProtocolHandler ["http-nio-8088"]
10:02:19.931 [main] INFO  org.apache.catalina.core.StandardService - Starting service [Tomcat]
10:02:19.931 [main] INFO  org.apache.catalina.core.StandardEngine - Starting Servlet engine: [Apache Tomcat/9.0.16]
10:02:19.937 [main] INFO  o.a.catalina.core.AprLifecycleListener - The APR based Apache Tomcat Native library which allows optimal performance in production environments was not found on the java.library.path: [C:\Program Files\Java\jdk1.8.0_201\bin;C:\WINDOWS\Sun\Java\bin;C:\WINDOWS\system32;C:\WINDOWS;C:\Program Files\Python\Scripts\;C:\Program Files\Python\;D:\JavaTools\apache-maven-3.6.0\bin;C:\Program Files\Java\jdk1.8.0_201\bin;C:\Program Files\Java\jdk1.8.0_201\jre\bin;C:\Program Files (x86)\Common Files\Oracle\Java\javapath;C:\Windows\system32;C:\Windows;C:\Windows\System32\Wbem;C:\Windows\System32\WindowsPowerShell\v1.0\;C:\Windows\System32\OpenSSH\;C:\Program Files (x86)\NVIDIA Corporation\PhysX\Common;C:\WINDOWS\system32;C:\WINDOWS;C:\WINDOWS\System32\Wbem;C:\WINDOWS\System32\WindowsPowerShell\v1.0\;C:\WINDOWS\System32\OpenSSH\;D:\Program Files\Git\cmd;D:\Program Files\TortoiseGit\bin;D:\Program Files\MySQL\MySQL Server 5.5\bin;C:\Program Files\NVIDIA Corporation\NVIDIA NvDLISR;C:\Program Files\Go\bin;C:\Users\fanyuzhuo\AppData\Local\Microsoft\WindowsApps;;D:\Program Files\JetBrains\DataGrip 2018.3.4\bin;;D:\Program Files\Microsoft VS Code\bin;C:\Users\fanyuzhuo\go\bin;.]
10:02:20.019 [main] INFO  o.a.c.c.C.[Tomcat].[localhost].[/] - Initializing Spring embedded WebApplicationContext
10:02:20.020 [main] INFO  o.s.web.context.ContextLoader - Root WebApplicationContext: initialization completed in 1045 ms
10:02:20.450 [main] INFO  o.s.s.concurrent.ThreadPoolTaskExecutor - Initializing ExecutorService 'applicationTaskExecutor'
10:02:20.938 [main] INFO  o.apache.coyote.http11.Http11NioProtocol - Starting ProtocolHandler ["http-nio-8088"]
10:02:20.953 [main] INFO  o.s.b.w.embedded.tomcat.TomcatWebServer - Tomcat started on port(s): 8088 (http) with context path ''
10:02:20.955 [main] INFO  c.l.s.SpringBootLearningApplication - Started SpringBootLearningApplication in 2.445 seconds (JVM running for 3.762)
10:03:06.370 [http-nio-8088-exec-1] INFO  o.a.c.c.C.[Tomcat].[localhost].[/] - Initializing Spring DispatcherServlet 'dispatcherServlet'
10:03:06.371 [http-nio-8088-exec-1] INFO  o.s.web.servlet.DispatcherServlet - Initializing Servlet 'dispatcherServlet'
10:03:06.376 [http-nio-8088-exec-1] INFO  o.s.web.servlet.DispatcherServlet - Completed initialization in 5 ms
10:03:06.385 [http-nio-8088-exec-1] INFO  o.a.c.c.C.[Tomcat].[localhost].[/] - Filter已经截获到用户的请求地址： /easyexcel/exportExcel
10:03:06.417 [http-nio-8088-exec-1] INFO  com.zaxxer.hikari.HikariDataSource - HikariPool-1 - Starting...
10:03:06.561 [http-nio-8088-exec-1] INFO  com.zaxxer.hikari.HikariDataSource - HikariPool-1 - Start completed.
10:03:07.126 [http-nio-8088-exec-1] INFO  o.a.c.c.C.[Tomcat].[localhost].[/] - 过滤结束
10:03:07.126 [http-nio-8088-exec-1] INFO  o.a.c.c.C.[Tomcat].[localhost].[/] - 请求被定位到/easyexcel/exportExcel所花的时间为: 741
10:04:05.093 [http-nio-8088-exec-2] INFO  o.a.c.c.C.[Tomcat].[localhost].[/] - Filter已经截获到用户的请求地址： /easyexcel/exportExcel
10:05:11.531 [HikariPool-1 housekeeper] WARN  com.zaxxer.hikari.pool.HikariPool - HikariPool-1 - Thread starvation or clock leap detected (housekeeper delta=1m1s184ms443µs100ns).
10:05:17.103 [http-nio-8088-exec-2] INFO  o.a.c.c.C.[Tomcat].[localhost].[/] - 过滤结束
10:05:17.104 [http-nio-8088-exec-2] INFO  o.a.c.c.C.[Tomcat].[localhost].[/] - 请求被定位到/easyexcel/exportExcel所花的时间为: 72010
10:54:19.866 [Thread-7] INFO  o.s.s.concurrent.ThreadPoolTaskExecutor - Shutting down ExecutorService 'applicationTaskExecutor'
10:54:19.867 [Thread-7] INFO  com.zaxxer.hikari.HikariDataSource - HikariPool-1 - Shutdown initiated...
10:54:19.872 [Thread-7] INFO  com.zaxxer.hikari.HikariDataSource - HikariPool-1 - Shutdown completed.
10:54:24.189 [main] INFO  c.l.s.SpringBootLearningApplication - Starting SpringBootLearningApplication on fyz-rescuer with PID 11532 (E:\Github\SpringCloudLearning\target\classes started by fanyuzhuo in E:\Github\SpringCloudLearning)
10:54:24.193 [main] INFO  c.l.s.SpringBootLearningApplication - No active profile set, falling back to default profiles: default
10:54:24.694 [main] INFO  o.s.d.r.c.RepositoryConfigurationDelegate - Multiple Spring Data modules found, entering strict repository configuration mode!
10:54:24.695 [main] INFO  o.s.d.r.c.RepositoryConfigurationDelegate - Bootstrapping Spring Data repositories in DEFAULT mode.
10:54:24.712 [main] INFO  o.s.d.r.c.RepositoryConfigurationDelegate - Finished Spring Data repository scanning in 7ms. Found 0 repository interfaces.
10:54:24.896 [main] INFO  o.s.c.s.PostProcessorRegistrationDelegate$BeanPostProcessorChecker - Bean 'org.springframework.amqp.rabbit.annotation.RabbitBootstrapConfiguration' of type [org.springframework.amqp.rabbit.annotation.RabbitBootstrapConfiguration$$EnhancerBySpringCGLIB$$a9ad9455] is not eligible for getting processed by all BeanPostProcessors (for example: not eligible for auto-proxying)
10:54:24.937 [main] INFO  o.s.c.s.PostProcessorRegistrationDelegate$BeanPostProcessorChecker - Bean 'org.springframework.transaction.annotation.ProxyTransactionManagementConfiguration' of type [org.springframework.transaction.annotation.ProxyTransactionManagementConfiguration$$EnhancerBySpringCGLIB$$e341d627] is not eligible for getting processed by all BeanPostProcessors (for example: not eligible for auto-proxying)
10:54:25.126 [main] INFO  o.s.b.w.embedded.tomcat.TomcatWebServer - Tomcat initialized with port(s): 8088 (http)
10:54:25.139 [main] INFO  o.apache.coyote.http11.Http11NioProtocol - Initializing ProtocolHandler ["http-nio-8088"]
10:54:25.146 [main] INFO  org.apache.catalina.core.StandardService - Starting service [Tomcat]
10:54:25.146 [main] INFO  org.apache.catalina.core.StandardEngine - Starting Servlet engine: [Apache Tomcat/9.0.16]
10:54:25.151 [main] INFO  o.a.catalina.core.AprLifecycleListener - The APR based Apache Tomcat Native library which allows optimal performance in production environments was not found on the java.library.path: [C:\Program Files\Java\jdk1.8.0_201\bin;C:\WINDOWS\Sun\Java\bin;C:\WINDOWS\system32;C:\WINDOWS;C:\Program Files\Python\Scripts\;C:\Program Files\Python\;D:\JavaTools\apache-maven-3.6.0\bin;C:\Program Files\Java\jdk1.8.0_201\bin;C:\Program Files\Java\jdk1.8.0_201\jre\bin;C:\Program Files (x86)\Common Files\Oracle\Java\javapath;C:\Windows\system32;C:\Windows;C:\Windows\System32\Wbem;C:\Windows\System32\WindowsPowerShell\v1.0\;C:\Windows\System32\OpenSSH\;C:\Program Files (x86)\NVIDIA Corporation\PhysX\Common;C:\WINDOWS\system32;C:\WINDOWS;C:\WINDOWS\System32\Wbem;C:\WINDOWS\System32\WindowsPowerShell\v1.0\;C:\WINDOWS\System32\OpenSSH\;D:\Program Files\Git\cmd;D:\Program Files\TortoiseGit\bin;D:\Program Files\MySQL\MySQL Server 5.5\bin;C:\Program Files\NVIDIA Corporation\NVIDIA NvDLISR;C:\Program Files\Go\bin;C:\Users\fanyuzhuo\AppData\Local\Microsoft\WindowsApps;;D:\Program Files\JetBrains\DataGrip 2018.3.4\bin;;D:\Program Files\Microsoft VS Code\bin;C:\Users\fanyuzhuo\go\bin;.]
10:54:25.218 [main] INFO  o.a.c.c.C.[Tomcat].[localhost].[/] - Initializing Spring embedded WebApplicationContext
10:54:25.218 [main] INFO  o.s.web.context.ContextLoader - Root WebApplicationContext: initialization completed in 987 ms
10:54:25.595 [main] INFO  o.s.s.concurrent.ThreadPoolTaskExecutor - Initializing ExecutorService 'applicationTaskExecutor'
10:54:26.021 [main] INFO  o.apache.coyote.http11.Http11NioProtocol - Starting ProtocolHandler ["http-nio-8088"]
10:54:26.035 [main] INFO  o.s.b.w.embedded.tomcat.TomcatWebServer - Tomcat started on port(s): 8088 (http) with context path ''
10:54:26.038 [main] INFO  c.l.s.SpringBootLearningApplication - Started SpringBootLearningApplication in 2.225 seconds (JVM running for 2.883)
10:54:47.315 [http-nio-8088-exec-1] INFO  o.a.c.c.C.[Tomcat].[localhost].[/] - Initializing Spring DispatcherServlet 'dispatcherServlet'
10:54:47.315 [http-nio-8088-exec-1] INFO  o.s.web.servlet.DispatcherServlet - Initializing Servlet 'dispatcherServlet'
10:54:47.322 [http-nio-8088-exec-1] INFO  o.s.web.servlet.DispatcherServlet - Completed initialization in 7 ms
10:54:47.329 [http-nio-8088-exec-1] INFO  o.a.c.c.C.[Tomcat].[localhost].[/] - Filter已经截获到用户的请求地址： /easyexcel/exportExcel
10:54:47.358 [http-nio-8088-exec-1] INFO  com.zaxxer.hikari.HikariDataSource - HikariPool-1 - Starting...
10:54:47.480 [http-nio-8088-exec-1] INFO  com.zaxxer.hikari.HikariDataSource - HikariPool-1 - Start completed.
10:55:17.145 [http-nio-8088-exec-1] INFO  o.a.c.c.C.[Tomcat].[localhost].[/] - 过滤结束
10:55:17.145 [http-nio-8088-exec-1] INFO  o.a.c.c.C.[Tomcat].[localhost].[/] - 请求被定位到/easyexcel/exportExcel所花的时间为: 29816
10:55:29.784 [http-nio-8088-exec-2] INFO  o.a.c.c.C.[Tomcat].[localhost].[/] - Filter已经截获到用户的请求地址： /easyexcel/exportExcel
10:55:32.618 [http-nio-8088-exec-2] INFO  o.a.c.c.C.[Tomcat].[localhost].[/] - 过滤结束
10:55:32.618 [http-nio-8088-exec-2] INFO  o.a.c.c.C.[Tomcat].[localhost].[/] - 请求被定位到/easyexcel/exportExcel所花的时间为: 2835
11:02:36.281 [Thread-6] INFO  o.s.s.concurrent.ThreadPoolTaskExecutor - Shutting down ExecutorService 'applicationTaskExecutor'
11:02:36.281 [Thread-6] INFO  com.zaxxer.hikari.HikariDataSource - HikariPool-1 - Shutdown initiated...
11:02:36.284 [Thread-6] INFO  com.zaxxer.hikari.HikariDataSource - HikariPool-1 - Shutdown completed.
11:02:40.619 [main] INFO  c.l.s.SpringBootLearningApplication - Starting SpringBootLearningApplication on fyz-rescuer with PID 2144 (E:\Github\SpringCloudLearning\target\classes started by fanyuzhuo in E:\Github\SpringCloudLearning)
11:02:40.622 [main] INFO  c.l.s.SpringBootLearningApplication - No active profile set, falling back to default profiles: default
11:02:41.106 [main] INFO  o.s.d.r.c.RepositoryConfigurationDelegate - Multiple Spring Data modules found, entering strict repository configuration mode!
11:02:41.107 [main] INFO  o.s.d.r.c.RepositoryConfigurationDelegate - Bootstrapping Spring Data repositories in DEFAULT mode.
11:02:41.122 [main] INFO  o.s.d.r.c.RepositoryConfigurationDelegate - Finished Spring Data repository scanning in 6ms. Found 0 repository interfaces.
11:02:41.304 [main] INFO  o.s.c.s.PostProcessorRegistrationDelegate$BeanPostProcessorChecker - Bean 'org.springframework.amqp.rabbit.annotation.RabbitBootstrapConfiguration' of type [org.springframework.amqp.rabbit.annotation.RabbitBootstrapConfiguration$$EnhancerBySpringCGLIB$$9f1b3319] is not eligible for getting processed by all BeanPostProcessors (for example: not eligible for auto-proxying)
11:02:41.337 [main] INFO  o.s.c.s.PostProcessorRegistrationDelegate$BeanPostProcessorChecker - Bean 'org.springframework.transaction.annotation.ProxyTransactionManagementConfiguration' of type [org.springframework.transaction.annotation.ProxyTransactionManagementConfiguration$$EnhancerBySpringCGLIB$$d8af74eb] is not eligible for getting processed by all BeanPostProcessors (for example: not eligible for auto-proxying)
11:02:41.537 [main] INFO  o.s.b.w.embedded.tomcat.TomcatWebServer - Tomcat initialized with port(s): 8088 (http)
11:02:41.551 [main] INFO  o.apache.coyote.http11.Http11NioProtocol - Initializing ProtocolHandler ["http-nio-8088"]
11:02:41.558 [main] INFO  org.apache.catalina.core.StandardService - Starting service [Tomcat]
11:02:41.558 [main] INFO  org.apache.catalina.core.StandardEngine - Starting Servlet engine: [Apache Tomcat/9.0.16]
11:02:41.563 [main] INFO  o.a.catalina.core.AprLifecycleListener - The APR based Apache Tomcat Native library which allows optimal performance in production environments was not found on the java.library.path: [C:\Program Files\Java\jdk1.8.0_201\bin;C:\WINDOWS\Sun\Java\bin;C:\WINDOWS\system32;C:\WINDOWS;C:\Program Files\Python\Scripts\;C:\Program Files\Python\;D:\JavaTools\apache-maven-3.6.0\bin;C:\Program Files\Java\jdk1.8.0_201\bin;C:\Program Files\Java\jdk1.8.0_201\jre\bin;C:\Program Files (x86)\Common Files\Oracle\Java\javapath;C:\Windows\system32;C:\Windows;C:\Windows\System32\Wbem;C:\Windows\System32\WindowsPowerShell\v1.0\;C:\Windows\System32\OpenSSH\;C:\Program Files (x86)\NVIDIA Corporation\PhysX\Common;C:\WINDOWS\system32;C:\WINDOWS;C:\WINDOWS\System32\Wbem;C:\WINDOWS\System32\WindowsPowerShell\v1.0\;C:\WINDOWS\System32\OpenSSH\;D:\Program Files\Git\cmd;D:\Program Files\TortoiseGit\bin;D:\Program Files\MySQL\MySQL Server 5.5\bin;C:\Program Files\NVIDIA Corporation\NVIDIA NvDLISR;C:\Program Files\Go\bin;C:\Users\fanyuzhuo\AppData\Local\Microsoft\WindowsApps;;D:\Program Files\JetBrains\DataGrip 2018.3.4\bin;;D:\Program Files\Microsoft VS Code\bin;C:\Users\fanyuzhuo\go\bin;.]
11:02:41.643 [main] INFO  o.a.c.c.C.[Tomcat].[localhost].[/] - Initializing Spring embedded WebApplicationContext
11:02:41.643 [main] INFO  o.s.web.context.ContextLoader - Root WebApplicationContext: initialization completed in 991 ms
11:02:42.034 [main] INFO  o.s.s.concurrent.ThreadPoolTaskExecutor - Initializing ExecutorService 'applicationTaskExecutor'
11:02:42.491 [main] INFO  o.apache.coyote.http11.Http11NioProtocol - Starting ProtocolHandler ["http-nio-8088"]
11:02:42.509 [main] INFO  o.s.b.w.embedded.tomcat.TomcatWebServer - Tomcat started on port(s): 8088 (http) with context path ''
11:02:42.512 [main] INFO  c.l.s.SpringBootLearningApplication - Started SpringBootLearningApplication in 2.27 seconds (JVM running for 2.945)
11:02:45.246 [http-nio-8088-exec-1] INFO  o.a.c.c.C.[Tomcat].[localhost].[/] - Initializing Spring DispatcherServlet 'dispatcherServlet'
11:02:45.246 [http-nio-8088-exec-1] INFO  o.s.web.servlet.DispatcherServlet - Initializing Servlet 'dispatcherServlet'
11:02:45.251 [http-nio-8088-exec-1] INFO  o.s.web.servlet.DispatcherServlet - Completed initialization in 5 ms
11:02:45.258 [http-nio-8088-exec-1] INFO  o.a.c.c.C.[Tomcat].[localhost].[/] - Filter已经截获到用户的请求地址： /easyexcel/exportExcel
11:02:45.285 [http-nio-8088-exec-1] INFO  com.zaxxer.hikari.HikariDataSource - HikariPool-1 - Starting...
11:02:45.407 [http-nio-8088-exec-1] INFO  com.zaxxer.hikari.HikariDataSource - HikariPool-1 - Start completed.
11:02:50.013 [http-nio-8088-exec-1] INFO  o.a.c.c.C.[Tomcat].[localhost].[/] - 过滤结束
11:02:50.014 [http-nio-8088-exec-1] INFO  o.a.c.c.C.[Tomcat].[localhost].[/] - 请求被定位到/easyexcel/exportExcel所花的时间为: 4755
11:03:19.443 [Thread-7] INFO  o.s.s.concurrent.ThreadPoolTaskExecutor - Shutting down ExecutorService 'applicationTaskExecutor'
11:03:19.444 [Thread-7] INFO  com.zaxxer.hikari.HikariDataSource - HikariPool-1 - Shutdown initiated...
11:03:19.450 [Thread-7] INFO  com.zaxxer.hikari.HikariDataSource - HikariPool-1 - Shutdown completed.
11:03:23.691 [main] INFO  c.l.s.SpringBootLearningApplication - Starting SpringBootLearningApplication on fyz-rescuer with PID 4048 (E:\Github\SpringCloudLearning\target\classes started by fanyuzhuo in E:\Github\SpringCloudLearning)
11:03:23.694 [main] INFO  c.l.s.SpringBootLearningApplication - No active profile set, falling back to default profiles: default
11:03:24.187 [main] INFO  o.s.d.r.c.RepositoryConfigurationDelegate - Multiple Spring Data modules found, entering strict repository configuration mode!
11:03:24.187 [main] INFO  o.s.d.r.c.RepositoryConfigurationDelegate - Bootstrapping Spring Data repositories in DEFAULT mode.
11:03:24.204 [main] INFO  o.s.d.r.c.RepositoryConfigurationDelegate - Finished Spring Data repository scanning in 5ms. Found 0 repository interfaces.
11:03:24.390 [main] INFO  o.s.c.s.PostProcessorRegistrationDelegate$BeanPostProcessorChecker - Bean 'org.springframework.amqp.rabbit.annotation.RabbitBootstrapConfiguration' of type [org.springframework.amqp.rabbit.annotation.RabbitBootstrapConfiguration$$EnhancerBySpringCGLIB$$a34644ba] is not eligible for getting processed by all BeanPostProcessors (for example: not eligible for auto-proxying)
11:03:24.434 [main] INFO  o.s.c.s.PostProcessorRegistrationDelegate$BeanPostProcessorChecker - Bean 'org.springframework.transaction.annotation.ProxyTransactionManagementConfiguration' of type [org.springframework.transaction.annotation.ProxyTransactionManagementConfiguration$$EnhancerBySpringCGLIB$$dcda868c] is not eligible for getting processed by all BeanPostProcessors (for example: not eligible for auto-proxying)
11:03:24.621 [main] INFO  o.s.b.w.embedded.tomcat.TomcatWebServer - Tomcat initialized with port(s): 8088 (http)
11:03:24.634 [main] INFO  o.apache.coyote.http11.Http11NioProtocol - Initializing ProtocolHandler ["http-nio-8088"]
11:03:24.641 [main] INFO  org.apache.catalina.core.StandardService - Starting service [Tomcat]
11:03:24.641 [main] INFO  org.apache.catalina.core.StandardEngine - Starting Servlet engine: [Apache Tomcat/9.0.16]
11:03:24.645 [main] INFO  o.a.catalina.core.AprLifecycleListener - The APR based Apache Tomcat Native library which allows optimal performance in production environments was not found on the java.library.path: [C:\Program Files\Java\jdk1.8.0_201\bin;C:\WINDOWS\Sun\Java\bin;C:\WINDOWS\system32;C:\WINDOWS;C:\Program Files\Python\Scripts\;C:\Program Files\Python\;D:\JavaTools\apache-maven-3.6.0\bin;C:\Program Files\Java\jdk1.8.0_201\bin;C:\Program Files\Java\jdk1.8.0_201\jre\bin;C:\Program Files (x86)\Common Files\Oracle\Java\javapath;C:\Windows\system32;C:\Windows;C:\Windows\System32\Wbem;C:\Windows\System32\WindowsPowerShell\v1.0\;C:\Windows\System32\OpenSSH\;C:\Program Files (x86)\NVIDIA Corporation\PhysX\Common;C:\WINDOWS\system32;C:\WINDOWS;C:\WINDOWS\System32\Wbem;C:\WINDOWS\System32\WindowsPowerShell\v1.0\;C:\WINDOWS\System32\OpenSSH\;D:\Program Files\Git\cmd;D:\Program Files\TortoiseGit\bin;D:\Program Files\MySQL\MySQL Server 5.5\bin;C:\Program Files\NVIDIA Corporation\NVIDIA NvDLISR;C:\Program Files\Go\bin;C:\Users\fanyuzhuo\AppData\Local\Microsoft\WindowsApps;;D:\Program Files\JetBrains\DataGrip 2018.3.4\bin;;D:\Program Files\Microsoft VS Code\bin;C:\Users\fanyuzhuo\go\bin;.]
11:03:24.712 [main] INFO  o.a.c.c.C.[Tomcat].[localhost].[/] - Initializing Spring embedded WebApplicationContext
11:03:24.712 [main] INFO  o.s.web.context.ContextLoader - Root WebApplicationContext: initialization completed in 990 ms
11:03:25.091 [main] INFO  o.s.s.concurrent.ThreadPoolTaskExecutor - Initializing ExecutorService 'applicationTaskExecutor'
11:03:25.514 [main] INFO  o.apache.coyote.http11.Http11NioProtocol - Starting ProtocolHandler ["http-nio-8088"]
11:03:25.529 [main] INFO  o.s.b.w.embedded.tomcat.TomcatWebServer - Tomcat started on port(s): 8088 (http) with context path ''
11:03:25.531 [main] INFO  c.l.s.SpringBootLearningApplication - Started SpringBootLearningApplication in 2.208 seconds (JVM running for 2.849)
11:03:34.242 [http-nio-8088-exec-1] INFO  o.a.c.c.C.[Tomcat].[localhost].[/] - Initializing Spring DispatcherServlet 'dispatcherServlet'
11:03:34.243 [http-nio-8088-exec-1] INFO  o.s.web.servlet.DispatcherServlet - Initializing Servlet 'dispatcherServlet'
11:03:34.248 [http-nio-8088-exec-1] INFO  o.s.web.servlet.DispatcherServlet - Completed initialization in 5 ms
11:03:34.254 [http-nio-8088-exec-1] INFO  o.a.c.c.C.[Tomcat].[localhost].[/] - Filter已经截获到用户的请求地址： /easyexcel/exportExcel
11:03:34.281 [http-nio-8088-exec-1] INFO  com.zaxxer.hikari.HikariDataSource - HikariPool-1 - Starting...
11:03:34.403 [http-nio-8088-exec-1] INFO  com.zaxxer.hikari.HikariDataSource - HikariPool-1 - Start completed.
11:03:37.007 [http-nio-8088-exec-1] INFO  o.a.c.c.C.[Tomcat].[localhost].[/] - 过滤结束
11:03:37.008 [http-nio-8088-exec-1] INFO  o.a.c.c.C.[Tomcat].[localhost].[/] - 请求被定位到/easyexcel/exportExcel所花的时间为: 2753
11:36:18.921 [Thread-6] INFO  o.s.s.concurrent.ThreadPoolTaskExecutor - Shutting down ExecutorService 'applicationTaskExecutor'
11:36:18.921 [Thread-6] INFO  com.zaxxer.hikari.HikariDataSource - HikariPool-1 - Shutdown initiated...
11:36:18.925 [Thread-6] INFO  com.zaxxer.hikari.HikariDataSource - HikariPool-1 - Shutdown completed.
11:36:23.050 [main] INFO  c.l.s.SpringBootLearningApplication - Starting SpringBootLearningApplication on fyz-rescuer with PID 7452 (E:\Github\SpringCloudLearning\target\classes started by fanyuzhuo in E:\Github\SpringCloudLearning)
11:36:23.052 [main] INFO  c.l.s.SpringBootLearningApplication - No active profile set, falling back to default profiles: default
11:36:23.549 [main] INFO  o.s.d.r.c.RepositoryConfigurationDelegate - Multiple Spring Data modules found, entering strict repository configuration mode!
11:36:23.551 [main] INFO  o.s.d.r.c.RepositoryConfigurationDelegate - Bootstrapping Spring Data repositories in DEFAULT mode.
11:36:23.580 [main] INFO  o.s.d.r.c.RepositoryConfigurationDelegate - Finished Spring Data repository scanning in 9ms. Found 0 repository interfaces.
11:36:23.778 [main] INFO  o.s.c.s.PostProcessorRegistrationDelegate$BeanPostProcessorChecker - Bean 'org.springframework.amqp.rabbit.annotation.RabbitBootstrapConfiguration' of type [org.springframework.amqp.rabbit.annotation.RabbitBootstrapConfiguration$$EnhancerBySpringCGLIB$$ed17f52a] is not eligible for getting processed by all BeanPostProcessors (for example: not eligible for auto-proxying)
11:36:23.812 [main] INFO  o.s.c.s.PostProcessorRegistrationDelegate$BeanPostProcessorChecker - Bean 'org.springframework.transaction.annotation.ProxyTransactionManagementConfiguration' of type [org.springframework.transaction.annotation.ProxyTransactionManagementConfiguration$$EnhancerBySpringCGLIB$$26ac36fc] is not eligible for getting processed by all BeanPostProcessors (for example: not eligible for auto-proxying)
11:36:24.014 [main] INFO  o.s.b.w.embedded.tomcat.TomcatWebServer - Tomcat initialized with port(s): 8088 (http)
11:36:24.028 [main] INFO  o.apache.coyote.http11.Http11NioProtocol - Initializing ProtocolHandler ["http-nio-8088"]
11:36:24.035 [main] INFO  org.apache.catalina.core.StandardService - Starting service [Tomcat]
11:36:24.035 [main] INFO  org.apache.catalina.core.StandardEngine - Starting Servlet engine: [Apache Tomcat/9.0.16]
11:36:24.040 [main] INFO  o.a.catalina.core.AprLifecycleListener - The APR based Apache Tomcat Native library which allows optimal performance in production environments was not found on the java.library.path: [C:\Program Files\Java\jdk1.8.0_201\bin;C:\WINDOWS\Sun\Java\bin;C:\WINDOWS\system32;C:\WINDOWS;C:\Program Files\Python\Scripts\;C:\Program Files\Python\;D:\JavaTools\apache-maven-3.6.0\bin;C:\Program Files\Java\jdk1.8.0_201\bin;C:\Program Files\Java\jdk1.8.0_201\jre\bin;C:\Program Files (x86)\Common Files\Oracle\Java\javapath;C:\Windows\system32;C:\Windows;C:\Windows\System32\Wbem;C:\Windows\System32\WindowsPowerShell\v1.0\;C:\Windows\System32\OpenSSH\;C:\Program Files (x86)\NVIDIA Corporation\PhysX\Common;C:\WINDOWS\system32;C:\WINDOWS;C:\WINDOWS\System32\Wbem;C:\WINDOWS\System32\WindowsPowerShell\v1.0\;C:\WINDOWS\System32\OpenSSH\;D:\Program Files\Git\cmd;D:\Program Files\TortoiseGit\bin;D:\Program Files\MySQL\MySQL Server 5.5\bin;C:\Program Files\NVIDIA Corporation\NVIDIA NvDLISR;C:\Program Files\Go\bin;C:\Users\fanyuzhuo\AppData\Local\Microsoft\WindowsApps;;D:\Program Files\JetBrains\DataGrip 2018.3.4\bin;;D:\Program Files\Microsoft VS Code\bin;C:\Users\fanyuzhuo\go\bin;.]
11:36:24.119 [main] INFO  o.a.c.c.C.[Tomcat].[localhost].[/] - Initializing Spring embedded WebApplicationContext
11:36:24.120 [main] INFO  o.s.web.context.ContextLoader - Root WebApplicationContext: initialization completed in 1037 ms
11:36:24.506 [main] INFO  o.s.s.concurrent.ThreadPoolTaskExecutor - Initializing ExecutorService 'applicationTaskExecutor'
11:36:24.955 [main] INFO  o.apache.coyote.http11.Http11NioProtocol - Starting ProtocolHandler ["http-nio-8088"]
11:36:24.969 [main] INFO  o.s.b.w.embedded.tomcat.TomcatWebServer - Tomcat started on port(s): 8088 (http) with context path ''
11:36:24.972 [main] INFO  c.l.s.SpringBootLearningApplication - Started SpringBootLearningApplication in 2.318 seconds (JVM running for 2.939)
11:36:29.055 [http-nio-8088-exec-1] INFO  o.a.c.c.C.[Tomcat].[localhost].[/] - Initializing Spring DispatcherServlet 'dispatcherServlet'
11:36:29.055 [http-nio-8088-exec-1] INFO  o.s.web.servlet.DispatcherServlet - Initializing Servlet 'dispatcherServlet'
11:36:29.060 [http-nio-8088-exec-1] INFO  o.s.web.servlet.DispatcherServlet - Completed initialization in 5 ms
11:36:29.067 [http-nio-8088-exec-1] INFO  o.a.c.c.C.[Tomcat].[localhost].[/] - Filter已经截获到用户的请求地址： /easyexcel/exportExcel
11:36:29.084 [http-nio-8088-exec-1] WARN  o.s.w.s.m.s.DefaultHandlerExceptionResolver - Resolved [org.springframework.web.HttpRequestMethodNotSupportedException: Request method 'GET' not supported]
11:36:29.085 [http-nio-8088-exec-1] INFO  o.a.c.c.C.[Tomcat].[localhost].[/] - 过滤结束
11:36:29.086 [http-nio-8088-exec-1] INFO  o.a.c.c.C.[Tomcat].[localhost].[/] - 请求被定位到/easyexcel/exportExcel所花的时间为: 18
11:36:29.258 [http-nio-8088-exec-2] INFO  o.a.c.c.C.[Tomcat].[localhost].[/] - Filter已经截获到用户的请求地址： /favicon.ico
11:36:29.276 [http-nio-8088-exec-2] INFO  o.a.c.c.C.[Tomcat].[localhost].[/] - 过滤结束
11:36:29.276 [http-nio-8088-exec-2] INFO  o.a.c.c.C.[Tomcat].[localhost].[/] - 请求被定位到/favicon.ico所花的时间为: 18
11:37:03.012 [http-nio-8088-exec-3] INFO  o.a.c.c.C.[Tomcat].[localhost].[/] - Filter已经截获到用户的请求地址： /easyexcel/exportExcel
11:37:03.050 [http-nio-8088-exec-3] INFO  com.zaxxer.hikari.HikariDataSource - HikariPool-1 - Starting...
11:37:03.174 [http-nio-8088-exec-3] INFO  com.zaxxer.hikari.HikariDataSource - HikariPool-1 - Start completed.
11:37:08.242 [http-nio-8088-exec-3] INFO  o.a.c.c.C.[Tomcat].[localhost].[/] - 过滤结束
11:37:08.242 [http-nio-8088-exec-3] INFO  o.a.c.c.C.[Tomcat].[localhost].[/] - 请求被定位到/easyexcel/exportExcel所花的时间为: 5229
14:02:35.657 [HikariPool-1 housekeeper] WARN  com.zaxxer.hikari.pool.HikariPool - HikariPool-1 - Thread starvation or clock leap detected (housekeeper delta=6m32s41ms907µs700ns).
14:45:54.782 [Thread-7] INFO  o.s.s.concurrent.ThreadPoolTaskExecutor - Shutting down ExecutorService 'applicationTaskExecutor'
14:45:54.783 [Thread-7] INFO  com.zaxxer.hikari.HikariDataSource - HikariPool-1 - Shutdown initiated...
14:45:54.787 [Thread-7] INFO  com.zaxxer.hikari.HikariDataSource - HikariPool-1 - Shutdown completed.
18:18:20.836 [main] INFO  c.l.s.SpringBootLearningApplication - Starting SpringBootLearningApplication on fyz-rescuer with PID 15748 (E:\Github\SpringCloudLearning\target\classes started by fanyuzhuo in E:\Github\SpringCloudLearning)
18:18:20.839 [main] INFO  c.l.s.SpringBootLearningApplication - No active profile set, falling back to default profiles: default
18:18:21.381 [main] INFO  o.s.d.r.c.RepositoryConfigurationDelegate - Multiple Spring Data modules found, entering strict repository configuration mode!
18:18:21.383 [main] INFO  o.s.d.r.c.RepositoryConfigurationDelegate - Bootstrapping Spring Data repositories in DEFAULT mode.
18:18:21.403 [main] INFO  o.s.d.r.c.RepositoryConfigurationDelegate - Finished Spring Data repository scanning in 7ms. Found 0 repository interfaces.
18:18:21.595 [main] INFO  o.s.c.s.PostProcessorRegistrationDelegate$BeanPostProcessorChecker - Bean 'org.springframework.amqp.rabbit.annotation.RabbitBootstrapConfiguration' of type [org.springframework.amqp.rabbit.annotation.RabbitBootstrapConfiguration$$EnhancerBySpringCGLIB$$22b745dc] is not eligible for getting processed by all BeanPostProcessors (for example: not eligible for auto-proxying)
18:18:21.629 [main] INFO  o.s.c.s.PostProcessorRegistrationDelegate$BeanPostProcessorChecker - Bean 'org.springframework.transaction.annotation.ProxyTransactionManagementConfiguration' of type [org.springframework.transaction.annotation.ProxyTransactionManagementConfiguration$$EnhancerBySpringCGLIB$$5c4b87ae] is not eligible for getting processed by all BeanPostProcessors (for example: not eligible for auto-proxying)
18:18:21.872 [main] INFO  o.s.b.w.embedded.tomcat.TomcatWebServer - Tomcat initialized with port(s): 8088 (http)
18:18:21.888 [main] INFO  o.apache.coyote.http11.Http11NioProtocol - Initializing ProtocolHandler ["http-nio-8088"]
18:18:21.896 [main] INFO  org.apache.catalina.core.StandardService - Starting service [Tomcat]
18:18:21.896 [main] INFO  org.apache.catalina.core.StandardEngine - Starting Servlet engine: [Apache Tomcat/9.0.16]
18:18:21.901 [main] INFO  o.a.catalina.core.AprLifecycleListener - The APR based Apache Tomcat Native library which allows optimal performance in production environments was not found on the java.library.path: [C:\Program Files\Java\jdk1.8.0_201\bin;C:\WINDOWS\Sun\Java\bin;C:\WINDOWS\system32;C:\WINDOWS;C:\Program Files\Python\Scripts\;C:\Program Files\Python\;D:\JavaTools\apache-maven-3.6.0\bin;C:\Program Files\Java\jdk1.8.0_201\bin;C:\Program Files\Java\jdk1.8.0_201\jre\bin;C:\Program Files (x86)\Common Files\Oracle\Java\javapath;C:\Windows\system32;C:\Windows;C:\Windows\System32\Wbem;C:\Windows\System32\WindowsPowerShell\v1.0\;C:\Windows\System32\OpenSSH\;C:\Program Files (x86)\NVIDIA Corporation\PhysX\Common;C:\WINDOWS\system32;C:\WINDOWS;C:\WINDOWS\System32\Wbem;C:\WINDOWS\System32\WindowsPowerShell\v1.0\;C:\WINDOWS\System32\OpenSSH\;D:\Program Files\Git\cmd;D:\Program Files\TortoiseGit\bin;D:\Program Files\MySQL\MySQL Server 5.5\bin;C:\Program Files\NVIDIA Corporation\NVIDIA NvDLISR;C:\Program Files\Go\bin;C:\Users\fanyuzhuo\AppData\Local\Microsoft\WindowsApps;;D:\Program Files\JetBrains\DataGrip 2018.3.4\bin;;D:\Program Files\Microsoft VS Code\bin;C:\Users\fanyuzhuo\go\bin;.]
18:18:21.986 [main] INFO  o.a.c.c.C.[Tomcat].[localhost].[/] - Initializing Spring embedded WebApplicationContext
18:18:21.987 [main] INFO  o.s.web.context.ContextLoader - Root WebApplicationContext: initialization completed in 1114 ms
18:18:22.461 [main] INFO  o.s.s.concurrent.ThreadPoolTaskExecutor - Initializing ExecutorService 'applicationTaskExecutor'
18:18:22.977 [main] INFO  o.apache.coyote.http11.Http11NioProtocol - Starting ProtocolHandler ["http-nio-8088"]
18:18:22.995 [main] INFO  o.s.b.w.embedded.tomcat.TomcatWebServer - Tomcat started on port(s): 8088 (http) with context path ''
18:18:22.998 [main] INFO  c.l.s.SpringBootLearningApplication - Started SpringBootLearningApplication in 2.565 seconds (JVM running for 3.904)
18:19:12.425 [http-nio-8088-exec-1] INFO  o.a.c.c.C.[Tomcat].[localhost].[/] - Initializing Spring DispatcherServlet 'dispatcherServlet'
18:19:12.425 [http-nio-8088-exec-1] INFO  o.s.web.servlet.DispatcherServlet - Initializing Servlet 'dispatcherServlet'
18:19:12.431 [http-nio-8088-exec-1] INFO  o.s.web.servlet.DispatcherServlet - Completed initialization in 6 ms
18:19:12.441 [http-nio-8088-exec-1] INFO  o.a.c.c.C.[Tomcat].[localhost].[/] - Filter已经截获到用户的请求地址： /easyexcel/exportExcel
18:19:12.451 [http-nio-8088-exec-1] WARN  o.s.w.s.m.s.DefaultHandlerExceptionResolver - Resolved [org.springframework.web.HttpRequestMethodNotSupportedException: Request method 'GET' not supported]
18:19:12.452 [http-nio-8088-exec-1] INFO  o.a.c.c.C.[Tomcat].[localhost].[/] - 过滤结束
18:19:12.453 [http-nio-8088-exec-1] INFO  o.a.c.c.C.[Tomcat].[localhost].[/] - 请求被定位到/easyexcel/exportExcel所花的时间为: 11
18:19:34.913 [Thread-7] INFO  o.s.s.concurrent.ThreadPoolTaskExecutor - Shutting down ExecutorService 'applicationTaskExecutor'
18:19:38.805 [main] INFO  c.l.s.SpringBootLearningApplication - Starting SpringBootLearningApplication on fyz-rescuer with PID 3564 (E:\Github\SpringCloudLearning\target\classes started by fanyuzhuo in E:\Github\SpringCloudLearning)
18:19:38.807 [main] INFO  c.l.s.SpringBootLearningApplication - No active profile set, falling back to default profiles: default
18:19:39.305 [main] INFO  o.s.d.r.c.RepositoryConfigurationDelegate - Multiple Spring Data modules found, entering strict repository configuration mode!
18:19:39.307 [main] INFO  o.s.d.r.c.RepositoryConfigurationDelegate - Bootstrapping Spring Data repositories in DEFAULT mode.
18:19:39.323 [main] INFO  o.s.d.r.c.RepositoryConfigurationDelegate - Finished Spring Data repository scanning in 6ms. Found 0 repository interfaces.
18:19:39.501 [main] INFO  o.s.c.s.PostProcessorRegistrationDelegate$BeanPostProcessorChecker - Bean 'org.springframework.amqp.rabbit.annotation.RabbitBootstrapConfiguration' of type [org.springframework.amqp.rabbit.annotation.RabbitBootstrapConfiguration$$EnhancerBySpringCGLIB$$d4dcdc95] is not eligible for getting processed by all BeanPostProcessors (for example: not eligible for auto-proxying)
18:19:39.535 [main] INFO  o.s.c.s.PostProcessorRegistrationDelegate$BeanPostProcessorChecker - Bean 'org.springframework.transaction.annotation.ProxyTransactionManagementConfiguration' of type [org.springframework.transaction.annotation.ProxyTransactionManagementConfiguration$$EnhancerBySpringCGLIB$$e711e67] is not eligible for getting processed by all BeanPostProcessors (for example: not eligible for auto-proxying)
18:19:39.736 [main] INFO  o.s.b.w.embedded.tomcat.TomcatWebServer - Tomcat initialized with port(s): 8088 (http)
18:19:39.750 [main] INFO  o.apache.coyote.http11.Http11NioProtocol - Initializing ProtocolHandler ["http-nio-8088"]
18:19:39.757 [main] INFO  org.apache.catalina.core.StandardService - Starting service [Tomcat]
18:19:39.758 [main] INFO  org.apache.catalina.core.StandardEngine - Starting Servlet engine: [Apache Tomcat/9.0.16]
18:19:39.763 [main] INFO  o.a.catalina.core.AprLifecycleListener - The APR based Apache Tomcat Native library which allows optimal performance in production environments was not found on the java.library.path: [C:\Program Files\Java\jdk1.8.0_201\bin;C:\WINDOWS\Sun\Java\bin;C:\WINDOWS\system32;C:\WINDOWS;C:\Program Files\Python\Scripts\;C:\Program Files\Python\;D:\JavaTools\apache-maven-3.6.0\bin;C:\Program Files\Java\jdk1.8.0_201\bin;C:\Program Files\Java\jdk1.8.0_201\jre\bin;C:\Program Files (x86)\Common Files\Oracle\Java\javapath;C:\Windows\system32;C:\Windows;C:\Windows\System32\Wbem;C:\Windows\System32\WindowsPowerShell\v1.0\;C:\Windows\System32\OpenSSH\;C:\Program Files (x86)\NVIDIA Corporation\PhysX\Common;C:\WINDOWS\system32;C:\WINDOWS;C:\WINDOWS\System32\Wbem;C:\WINDOWS\System32\WindowsPowerShell\v1.0\;C:\WINDOWS\System32\OpenSSH\;D:\Program Files\Git\cmd;D:\Program Files\TortoiseGit\bin;D:\Program Files\MySQL\MySQL Server 5.5\bin;C:\Program Files\NVIDIA Corporation\NVIDIA NvDLISR;C:\Program Files\Go\bin;C:\Users\fanyuzhuo\AppData\Local\Microsoft\WindowsApps;;D:\Program Files\JetBrains\DataGrip 2018.3.4\bin;;D:\Program Files\Microsoft VS Code\bin;C:\Users\fanyuzhuo\go\bin;.]
18:19:39.843 [main] INFO  o.a.c.c.C.[Tomcat].[localhost].[/] - Initializing Spring embedded WebApplicationContext
18:19:39.843 [main] INFO  o.s.web.context.ContextLoader - Root WebApplicationContext: initialization completed in 996 ms
18:19:40.233 [main] INFO  o.s.s.concurrent.ThreadPoolTaskExecutor - Initializing ExecutorService 'applicationTaskExecutor'
18:19:40.717 [main] INFO  o.apache.coyote.http11.Http11NioProtocol - Starting ProtocolHandler ["http-nio-8088"]
18:19:40.733 [main] INFO  o.s.b.w.embedded.tomcat.TomcatWebServer - Tomcat started on port(s): 8088 (http) with context path ''
18:19:40.735 [main] INFO  c.l.s.SpringBootLearningApplication - Started SpringBootLearningApplication in 2.336 seconds (JVM running for 2.962)
18:19:44.059 [http-nio-8088-exec-1] INFO  o.a.c.c.C.[Tomcat].[localhost].[/] - Initializing Spring DispatcherServlet 'dispatcherServlet'
18:19:44.060 [http-nio-8088-exec-1] INFO  o.s.web.servlet.DispatcherServlet - Initializing Servlet 'dispatcherServlet'
18:19:44.064 [http-nio-8088-exec-1] INFO  o.s.web.servlet.DispatcherServlet - Completed initialization in 4 ms
18:19:44.071 [http-nio-8088-exec-1] INFO  o.a.c.c.C.[Tomcat].[localhost].[/] - Filter已经截获到用户的请求地址： /easyexcel/exportExcel
18:19:44.113 [http-nio-8088-exec-1] INFO  com.zaxxer.hikari.HikariDataSource - HikariPool-1 - Starting...
18:19:44.259 [http-nio-8088-exec-1] INFO  com.zaxxer.hikari.HikariDataSource - HikariPool-1 - Start completed.
18:20:18.822 [http-nio-8088-exec-1] INFO  o.a.c.c.C.[Tomcat].[localhost].[/] - 过滤结束
18:20:18.823 [http-nio-8088-exec-1] INFO  o.a.c.c.C.[Tomcat].[localhost].[/] - 请求被定位到/easyexcel/exportExcel所花的时间为: 34751
18:20:32.807 [http-nio-8088-exec-2] INFO  o.a.c.c.C.[Tomcat].[localhost].[/] - Filter已经截获到用户的请求地址： /easyexcel/exportExcel
18:21:36.839 [http-nio-8088-exec-2] INFO  o.a.c.c.C.[Tomcat].[localhost].[/] - 过滤结束
18:21:36.839 [http-nio-8088-exec-2] INFO  o.a.c.c.C.[Tomcat].[localhost].[/] - 请求被定位到/easyexcel/exportExcel所花的时间为: 64032
18:41:47.917 [Thread-7] INFO  o.s.s.concurrent.ThreadPoolTaskExecutor - Shutting down ExecutorService 'applicationTaskExecutor'
18:41:47.918 [Thread-7] INFO  com.zaxxer.hikari.HikariDataSource - HikariPool-1 - Shutdown initiated...
18:41:47.920 [Thread-7] INFO  com.zaxxer.hikari.HikariDataSource - HikariPool-1 - Shutdown completed.
